
/home/runner/work/exp-measurement-gear-tooth-vernier-iitkgp/exp-measurement-gear-tooth-vernier-iitkgp/experiment/simulation/js/dw_tester.js
    8:1   warning  '$' is not defined                         no-undef
    9:3   warning  '$' is not defined                         no-undef
   10:5   warning  '$' is not defined                         no-undef
   13:1   warning  '$' is not defined                         no-undef
   14:3   warning  '$' is not defined                         no-undef
   16:16  warning  '$' is not defined                         no-undef
   18:2   warning  '$' is not defined                         no-undef
   19:2   warning  '$' is not defined                         no-undef
   21:5   warning  '$' is not defined                         no-undef
   25:2   warning  '$' is not defined                         no-undef
   26:2   warning  '$' is not defined                         no-undef
   28:5   warning  '$' is not defined                         no-undef
   55:10  warning  'rotateToggle' is defined but never used   no-unused-vars
   59:9   warning  '$' is not defined                         no-undef
   64:1   warning  'autoUpdateChart' is not defined           no-undef
   69:1   warning  'autoUpdateChart' is not defined           no-undef
   76:1   warning  'stopUpdate' is not defined                no-undef
   81:6   warning  'root' is assigned a value but never used  no-unused-vars
   85:1   warning  Mixed spaces and tabs                      no-mixed-spaces-and-tabs
   87:15  warning  'math' is not defined                      no-undef
   90:1   warning  Mixed spaces and tabs                      no-mixed-spaces-and-tabs
   94:1   warning  Mixed spaces and tabs                      no-mixed-spaces-and-tabs
   96:15  warning  'math' is not defined                      no-undef
  104:11  warning  'allowDrop' is defined but never used      no-unused-vars
  108:10  warning  'drag' is defined but never used           no-unused-vars
  112:10  warning  'drop' is defined but never used           no-unused-vars
  113:1   warning  Mixed spaces and tabs                      no-mixed-spaces-and-tabs
  122:1   warning  Mixed spaces and tabs                      no-mixed-spaces-and-tabs
  125:1   warning  Mixed spaces and tabs                      no-mixed-spaces-and-tabs
  125:9   warning  'math' is not defined                      no-undef
  125:26  warning  'math' is not defined                      no-undef
  126:1   warning  Mixed spaces and tabs                      no-mixed-spaces-and-tabs
  133:1   warning  Mixed spaces and tabs                      no-mixed-spaces-and-tabs
  134:1   warning  Mixed spaces and tabs                      no-mixed-spaces-and-tabs
  135:1   warning  Mixed spaces and tabs                      no-mixed-spaces-and-tabs
  136:1   warning  Mixed spaces and tabs                      no-mixed-spaces-and-tabs
  137:1   warning  Mixed spaces and tabs                      no-mixed-spaces-and-tabs
  138:1   warning  Mixed spaces and tabs                      no-mixed-spaces-and-tabs
  139:1   warning  Mixed spaces and tabs                      no-mixed-spaces-and-tabs
  140:1   warning  Mixed spaces and tabs                      no-mixed-spaces-and-tabs
  141:1   warning  Mixed spaces and tabs                      no-mixed-spaces-and-tabs
  141:3   warning  '$' is not defined                         no-undef
  145:1   warning  Mixed spaces and tabs                      no-mixed-spaces-and-tabs
  146:1   warning  Mixed spaces and tabs                      no-mixed-spaces-and-tabs
  147:1   warning  Mixed spaces and tabs                      no-mixed-spaces-and-tabs
  148:1   warning  Mixed spaces and tabs                      no-mixed-spaces-and-tabs
  149:1   warning  Mixed spaces and tabs                      no-mixed-spaces-and-tabs
  150:1   warning  Mixed spaces and tabs                      no-mixed-spaces-and-tabs
  151:1   warning  Mixed spaces and tabs                      no-mixed-spaces-and-tabs
  152:1   warning  Mixed spaces and tabs                      no-mixed-spaces-and-tabs
  153:1   warning  Mixed spaces and tabs                      no-mixed-spaces-and-tabs
  153:3   warning  '$' is not defined                         no-undef
  157:1   warning  Mixed spaces and tabs                      no-mixed-spaces-and-tabs
  158:1   warning  Mixed spaces and tabs                      no-mixed-spaces-and-tabs
  159:1   warning  Mixed spaces and tabs                      no-mixed-spaces-and-tabs
  160:1   warning  Mixed spaces and tabs                      no-mixed-spaces-and-tabs
  161:1   warning  Mixed spaces and tabs                      no-mixed-spaces-and-tabs
  162:1   warning  Mixed spaces and tabs                      no-mixed-spaces-and-tabs
  163:1   warning  Mixed spaces and tabs                      no-mixed-spaces-and-tabs
  164:1   warning  Mixed spaces and tabs                      no-mixed-spaces-and-tabs
  165:1   warning  Mixed spaces and tabs                      no-mixed-spaces-and-tabs
  165:3   warning  '$' is not defined                         no-undef
  169:1   warning  Mixed spaces and tabs                      no-mixed-spaces-and-tabs
  170:1   warning  Mixed spaces and tabs                      no-mixed-spaces-and-tabs
  171:1   warning  Mixed spaces and tabs                      no-mixed-spaces-and-tabs
  172:1   warning  Mixed spaces and tabs                      no-mixed-spaces-and-tabs
  173:1   warning  Mixed spaces and tabs                      no-mixed-spaces-and-tabs
  174:1   warning  Mixed spaces and tabs                      no-mixed-spaces-and-tabs
  175:1   warning  Mixed spaces and tabs                      no-mixed-spaces-and-tabs
  176:1   warning  Mixed spaces and tabs                      no-mixed-spaces-and-tabs
  176:3   warning  '$' is not defined                         no-undef
  180:1   warning  Mixed spaces and tabs                      no-mixed-spaces-and-tabs
  181:1   warning  Mixed spaces and tabs                      no-mixed-spaces-and-tabs
  182:1   warning  Mixed spaces and tabs                      no-mixed-spaces-and-tabs
  183:1   warning  Mixed spaces and tabs                      no-mixed-spaces-and-tabs
  184:1   warning  Mixed spaces and tabs                      no-mixed-spaces-and-tabs
  185:1   warning  Mixed spaces and tabs                      no-mixed-spaces-and-tabs
  186:1   warning  Mixed spaces and tabs                      no-mixed-spaces-and-tabs
  187:1   warning  Mixed spaces and tabs                      no-mixed-spaces-and-tabs
  187:3   warning  '$' is not defined                         no-undef
  194:1   warning  Mixed spaces and tabs                      no-mixed-spaces-and-tabs
  195:1   warning  Mixed spaces and tabs                      no-mixed-spaces-and-tabs
  196:1   warning  Mixed spaces and tabs                      no-mixed-spaces-and-tabs
  197:1   warning  Mixed spaces and tabs                      no-mixed-spaces-and-tabs
  198:1   warning  Mixed spaces and tabs                      no-mixed-spaces-and-tabs
  199:1   warning  Mixed spaces and tabs                      no-mixed-spaces-and-tabs
  200:1   warning  Mixed spaces and tabs                      no-mixed-spaces-and-tabs
  201:1   warning  Mixed spaces and tabs                      no-mixed-spaces-and-tabs
  201:3   warning  '$' is not defined                         no-undef
  205:1   warning  Mixed spaces and tabs                      no-mixed-spaces-and-tabs
  206:1   warning  Mixed spaces and tabs                      no-mixed-spaces-and-tabs
  207:1   warning  Mixed spaces and tabs                      no-mixed-spaces-and-tabs
  208:1   warning  Mixed spaces and tabs                      no-mixed-spaces-and-tabs
  209:1   warning  Mixed spaces and tabs                      no-mixed-spaces-and-tabs
  210:1   warning  Mixed spaces and tabs                      no-mixed-spaces-and-tabs
  211:1   warning  Mixed spaces and tabs                      no-mixed-spaces-and-tabs
  212:1   warning  Mixed spaces and tabs                      no-mixed-spaces-and-tabs
  212:3   warning  '$' is not defined                         no-undef
  216:1   warning  Mixed spaces and tabs                      no-mixed-spaces-and-tabs
  217:1   warning  Mixed spaces and tabs                      no-mixed-spaces-and-tabs
  218:1   warning  Mixed spaces and tabs                      no-mixed-spaces-and-tabs
  219:1   warning  Mixed spaces and tabs                      no-mixed-spaces-and-tabs
  220:1   warning  Mixed spaces and tabs                      no-mixed-spaces-and-tabs
  221:1   warning  Mixed spaces and tabs                      no-mixed-spaces-and-tabs
  222:1   warning  Mixed spaces and tabs                      no-mixed-spaces-and-tabs
  223:1   warning  Mixed spaces and tabs                      no-mixed-spaces-and-tabs
  223:3   warning  '$' is not defined                         no-undef
  227:1   warning  Mixed spaces and tabs                      no-mixed-spaces-and-tabs
  228:1   warning  Mixed spaces and tabs                      no-mixed-spaces-and-tabs
  229:1   warning  Mixed spaces and tabs                      no-mixed-spaces-and-tabs
  230:1   warning  Mixed spaces and tabs                      no-mixed-spaces-and-tabs
  231:1   warning  Mixed spaces and tabs                      no-mixed-spaces-and-tabs
  232:1   warning  Mixed spaces and tabs                      no-mixed-spaces-and-tabs
  233:1   warning  Mixed spaces and tabs                      no-mixed-spaces-and-tabs
  234:1   warning  Mixed spaces and tabs                      no-mixed-spaces-and-tabs
  234:3   warning  '$' is not defined                         no-undef
  237:1   warning  Mixed spaces and tabs                      no-mixed-spaces-and-tabs
  238:1   warning  Mixed spaces and tabs                      no-mixed-spaces-and-tabs
  239:1   warning  Mixed spaces and tabs                      no-mixed-spaces-and-tabs
  240:1   warning  Mixed spaces and tabs                      no-mixed-spaces-and-tabs
  241:1   warning  Mixed spaces and tabs                      no-mixed-spaces-and-tabs
  242:1   warning  Mixed spaces and tabs                      no-mixed-spaces-and-tabs
  243:1   warning  Mixed spaces and tabs                      no-mixed-spaces-and-tabs
  244:1   warning  Mixed spaces and tabs                      no-mixed-spaces-and-tabs
  244:3   warning  '$' is not defined                         no-undef
  247:46  warning  'math' is not defined                      no-undef
  252:21  warning  'indiErr' is defined but never used        no-unused-vars
  253:11  warning  'Dw_Tester' is defined but never used      no-unused-vars
  254:1   warning  Mixed spaces and tabs                      no-mixed-spaces-and-tabs
  255:1   warning  Mixed spaces and tabs                      no-mixed-spaces-and-tabs
  255:7   warning  '$' is not defined                         no-undef
  258:1   warning  Mixed spaces and tabs                      no-mixed-spaces-and-tabs
  259:1   warning  Mixed spaces and tabs                      no-mixed-spaces-and-tabs
  260:1   warning  Mixed spaces and tabs                      no-mixed-spaces-and-tabs
  260:13  warning  'math' is not defined                      no-undef
  260:25  warning  'math' is not defined                      no-undef
  260:39  warning  'math' is not defined                      no-undef
  260:47  warning  'math' is not defined                      no-undef
  263:1   warning  Mixed spaces and tabs                      no-mixed-spaces-and-tabs
  263:15  warning  'math' is not defined                      no-undef
  266:1   warning  Mixed spaces and tabs                      no-mixed-spaces-and-tabs
  266:7   warning  'math' is not defined                      no-undef
  269:1   warning  Mixed spaces and tabs                      no-mixed-spaces-and-tabs
  269:17  warning  'math' is not defined                      no-undef
  269:29  warning  'math' is not defined                      no-undef
  272:1   warning  Mixed spaces and tabs                      no-mixed-spaces-and-tabs
  272:20  warning  'math' is not defined                      no-undef
  272:29  warning  'math' is not defined                      no-undef
  272:53  warning  'math' is not defined                      no-undef
  275:17  warning  'math' is not defined                      no-undef
  275:26  warning  'math' is not defined                      no-undef
  278:1   warning  Mixed spaces and tabs                      no-mixed-spaces-and-tabs
  278:11  warning  'math' is not defined                      no-undef
  278:25  warning  'math' is not defined                      no-undef
  280:1   warning  Mixed spaces and tabs                      no-mixed-spaces-and-tabs
  281:1   warning  Mixed spaces and tabs                      no-mixed-spaces-and-tabs
  294:10  warning  'CreateTables' is defined but never used   no-unused-vars
  379:10  warning  'plot' is defined but never used           no-unused-vars
  456:1   warning  Mixed spaces and tabs                      no-mixed-spaces-and-tabs
  457:1   warning  Mixed spaces and tabs                      no-mixed-spaces-and-tabs
  470:1   warning  Mixed spaces and tabs                      no-mixed-spaces-and-tabs
  483:1   warning  'Plotly' is not defined                    no-undef
  490:10  warning  'clear' is defined but never used          no-unused-vars
  491:12  warning  '$' is not defined                         no-undef
  497:5   warning  'Dtable' is already defined                no-redeclare
  508:2   warning  Unnecessary semicolon                      no-extra-semi
  509:10  warning  'Refresh' is defined but never used        no-unused-vars
  510:6   warning  'load' is assigned a value but never used  no-unused-vars

/home/runner/work/exp-measurement-gear-tooth-vernier-iitkgp/exp-measurement-gear-tooth-vernier-iitkgp/experiment/simulation/js/geartooth.js
    8:1   warning  '$' is not defined                            no-undef
    9:3   warning  '$' is not defined                            no-undef
   10:5   warning  '$' is not defined                            no-undef
   13:1   warning  '$' is not defined                            no-undef
   14:3   warning  '$' is not defined                            no-undef
   16:19  warning  '$' is not defined                            no-undef
   18:5   warning  '$' is not defined                            no-undef
   22:5   warning  '$' is not defined                            no-undef
   29:10  warning  'seudovalue1' is defined but never used       no-unused-vars
   31:1   warning  '$' is not defined                            no-undef
   35:10  warning  'seudovalue2' is defined but never used       no-unused-vars
   37:1   warning  '$' is not defined                            no-undef
   42:10  warning  'moveGauge' is defined but never used         no-unused-vars
   60:10  warning  'moveGear' is defined but never used          no-unused-vars
   79:10  warning  'moveGear2' is defined but never used         no-unused-vars
  101:10  warning  'rotateGear' is defined but never used        no-unused-vars
  110:6   warning  'obj' is already defined                      no-redeclare
  126:11  warning  'rotateGearRev' is defined but never used     no-unused-vars
  135:6   warning  'obj' is already defined                      no-redeclare
  139:1   warning  Mixed spaces and tabs                         no-mixed-spaces-and-tabs
  158:11  warning  'horijawright' is defined but never used      no-unused-vars
  159:1   warning  Mixed spaces and tabs                         no-mixed-spaces-and-tabs
  163:15  warning  'math' is not defined                         no-undef
  169:1   warning  Mixed spaces and tabs                         no-mixed-spaces-and-tabs
  176:11  warning  'horijawleft' is defined but never used       no-unused-vars
  177:1   warning  Mixed spaces and tabs                         no-mixed-spaces-and-tabs
  181:15  warning  'math' is not defined                         no-undef
  214:11  warning  'verjawdown' is defined but never used        no-unused-vars
  215:1   warning  Mixed spaces and tabs                         no-mixed-spaces-and-tabs
  219:15  warning  'math' is not defined                         no-undef
  220:16  warning  'math' is not defined                         no-undef
  234:1   warning  Mixed spaces and tabs                         no-mixed-spaces-and-tabs
  237:11  warning  'verjawup' is defined but never used          no-unused-vars
  238:1   warning  Mixed spaces and tabs                         no-mixed-spaces-and-tabs
  240:15  warning  'math' is not defined                         no-undef
  241:16  warning  'math' is not defined                         no-undef
  249:13  warning  't' is assigned a value but never used        no-unused-vars
  254:1   warning  Mixed spaces and tabs                         no-mixed-spaces-and-tabs
  257:2   warning  Mixed spaces and tabs                         no-mixed-spaces-and-tabs
  268:1   warning  Mixed spaces and tabs                         no-mixed-spaces-and-tabs
  271:2   warning  Mixed spaces and tabs                         no-mixed-spaces-and-tabs
  283:1   warning  Mixed spaces and tabs                         no-mixed-spaces-and-tabs
  286:2   warning  Mixed spaces and tabs                         no-mixed-spaces-and-tabs
  297:1   warning  Mixed spaces and tabs                         no-mixed-spaces-and-tabs
  300:2   warning  Mixed spaces and tabs                         no-mixed-spaces-and-tabs
  310:1   warning  Mixed spaces and tabs                         no-mixed-spaces-and-tabs
  315:1   warning  Mixed spaces and tabs                         no-mixed-spaces-and-tabs
  320:1   warning  Mixed spaces and tabs                         no-mixed-spaces-and-tabs
  325:1   warning  Mixed spaces and tabs                         no-mixed-spaces-and-tabs
  336:10  warning  'cscalePosChng' is defined but never used     no-unused-vars
  343:14  warning  'math' is not defined                         no-undef
  344:13  warning  'math' is not defined                         no-undef
  352:10  warning  'cscalePosChngRev' is defined but never used  no-unused-vars
  357:14  warning  'math' is not defined                         no-undef
  358:13  warning  'math' is not defined                         no-undef
  371:11  warning  'screw_widthincr' is defined but never used   no-unused-vars
  372:1   warning  Mixed spaces and tabs                         no-mixed-spaces-and-tabs
  376:15  warning  'math' is not defined                         no-undef
  393:1   warning  Mixed spaces and tabs                         no-mixed-spaces-and-tabs
  396:11  warning  'screw_widthdecr' is defined but never used   no-unused-vars
  397:1   warning  Mixed spaces and tabs                         no-mixed-spaces-and-tabs
  399:15  warning  'math' is not defined                         no-undef
  403:1   warning  Mixed spaces and tabs                         no-mixed-spaces-and-tabs
  405:1   warning  Mixed spaces and tabs                         no-mixed-spaces-and-tabs
  412:1   warning  Mixed spaces and tabs                         no-mixed-spaces-and-tabs
  417:1   warning  Mixed spaces and tabs                         no-mixed-spaces-and-tabs
  444:1   warning  Mixed spaces and tabs                         no-mixed-spaces-and-tabs
  445:1   warning  Mixed spaces and tabs                         no-mixed-spaces-and-tabs
  446:1   warning  Mixed spaces and tabs                         no-mixed-spaces-and-tabs
  447:1   warning  Mixed spaces and tabs                         no-mixed-spaces-and-tabs
  447:12  warning  'math' is not defined                         no-undef
  447:24  warning  'math' is not defined                         no-undef
  448:1   warning  Mixed spaces and tabs                         no-mixed-spaces-and-tabs
  448:7   warning  'PCD' is assigned a value but never used      no-unused-vars
  448:13  warning  'math' is not defined                         no-undef
  449:1   warning  Mixed spaces and tabs                         no-mixed-spaces-and-tabs
  449:11  warning  'math' is not defined                         no-undef
  450:1   warning  Mixed spaces and tabs                         no-mixed-spaces-and-tabs
  450:7   warning  'a' is assigned a value but never used        no-unused-vars
  451:1   warning  Mixed spaces and tabs                         no-mixed-spaces-and-tabs
  452:1   warning  Mixed spaces and tabs                         no-mixed-spaces-and-tabs
  452:14  warning  'math' is not defined                         no-undef
  453:17  warning  'math' is not defined                         no-undef
  453:31  warning  'math' is not defined                         no-undef
  454:1   warning  Mixed spaces and tabs                         no-mixed-spaces-and-tabs
  455:1   warning  Mixed spaces and tabs                         no-mixed-spaces-and-tabs
  455:12  warning  'math' is not defined                         no-undef
  455:23  warning  'math' is not defined                         no-undef
  456:1   warning  Mixed spaces and tabs                         no-mixed-spaces-and-tabs
  456:12  warning  'math' is not defined                         no-undef
  456:24  warning  'math' is not defined                         no-undef
  456:41  warning  'math' is not defined                         no-undef
  457:1   warning  Mixed spaces and tabs                         no-mixed-spaces-and-tabs
  458:14  warning  'math' is not defined                         no-undef
  458:23  warning  'math' is not defined                         no-undef
  458:46  warning  'math' is not defined                         no-undef
  490:1   warning  Mixed spaces and tabs                         no-mixed-spaces-and-tabs
  491:1   warning  Mixed spaces and tabs                         no-mixed-spaces-and-tabs
  492:1   warning  Mixed spaces and tabs                         no-mixed-spaces-and-tabs
  493:1   warning  Mixed spaces and tabs                         no-mixed-spaces-and-tabs
  493:13  warning  'math' is not defined                         no-undef
  493:25  warning  'math' is not defined                         no-undef
  493:41  warning  'math' is not defined                         no-undef
  493:56  warning  'math' is not defined                         no-undef
  494:1   warning  Mixed spaces and tabs                         no-mixed-spaces-and-tabs
  494:7   warning  'ni' is assigned a value but never used       no-unused-vars
  494:12  warning  'math' is not defined                         no-undef
  495:1   warning  Mixed spaces and tabs                         no-mixed-spaces-and-tabs
  496:1   warning  Mixed spaces and tabs                         no-mixed-spaces-and-tabs
  498:1   warning  Mixed spaces and tabs                         no-mixed-spaces-and-tabs
  499:1   warning  Mixed spaces and tabs                         no-mixed-spaces-and-tabs
  499:12  warning  'math' is not defined                         no-undef
  499:24  warning  'math' is not defined                         no-undef
  500:1   warning  Mixed spaces and tabs                         no-mixed-spaces-and-tabs
  500:12  warning  'math' is not defined                         no-undef
  500:24  warning  'math' is not defined                         no-undef
  501:1   warning  Mixed spaces and tabs                         no-mixed-spaces-and-tabs
  502:9   warning  'math' is not defined                         no-undef
  502:21  warning  'math' is not defined                         no-undef
  531:11  warning  'Math_model' is defined but never used        no-unused-vars
  532:1   warning  Mixed spaces and tabs                         no-mixed-spaces-and-tabs
  533:1   warning  Mixed spaces and tabs                         no-mixed-spaces-and-tabs
  534:2   warning  Mixed spaces and tabs                         no-mixed-spaces-and-tabs
  535:1   warning  Mixed spaces and tabs                         no-mixed-spaces-and-tabs
  536:1   warning  Mixed spaces and tabs                         no-mixed-spaces-and-tabs
  537:2   warning  Mixed spaces and tabs                         no-mixed-spaces-and-tabs
  538:1   warning  Mixed spaces and tabs                         no-mixed-spaces-and-tabs
  539:1   warning  Mixed spaces and tabs                         no-mixed-spaces-and-tabs
  558:10  warning  'math' is not defined                         no-undef
  558:22  warning  'math' is not defined                         no-undef
  558:40  warning  'math' is not defined                         no-undef
  558:49  warning  'math' is not defined                         no-undef
  558:61  warning  'math' is not defined                         no-undef
  558:69  warning  'math' is not defined                         no-undef
  561:14  warning  'math' is not defined                         no-undef
  561:26  warning  'math' is not defined                         no-undef
  561:37  warning  'math' is not defined                         no-undef
  561:51  warning  '$' is not defined                            no-undef
  562:14  warning  'math' is not defined                         no-undef
  562:26  warning  'math' is not defined                         no-undef
  562:37  warning  'math' is not defined                         no-undef
  562:51  warning  '$' is not defined                            no-undef
  563:11  warning  'math' is not defined                         no-undef
  563:23  warning  'math' is not defined                         no-undef
  563:34  warning  'math' is not defined                         no-undef
  563:48  warning  '$' is not defined                            no-undef
  564:11  warning  'math' is not defined                         no-undef
  564:23  warning  'math' is not defined                         no-undef
  565:11  warning  'math' is not defined                         no-undef
  565:23  warning  'math' is not defined                         no-undef
  565:34  warning  'math' is not defined                         no-undef
  566:11  warning  'math' is not defined                         no-undef
  591:14  warning  'math' is not defined                         no-undef
  591:26  warning  'math' is not defined                         no-undef
  591:37  warning  'math' is not defined                         no-undef
  591:51  warning  '$' is not defined                            no-undef
  592:14  warning  'math' is not defined                         no-undef
  592:26  warning  'math' is not defined                         no-undef
  592:37  warning  'math' is not defined                         no-undef
  592:51  warning  '$' is not defined                            no-undef
  593:11  warning  'math' is not defined                         no-undef
  593:23  warning  'math' is not defined                         no-undef
  593:34  warning  'math' is not defined                         no-undef
  593:48  warning  '$' is not defined                            no-undef
  615:10  warning  'CreateTable' is defined but never used       no-unused-vars
  627:10  warning  'Experiment1' is defined but never used       no-unused-vars
  630:10  warning  'Experiment2' is defined but never used       no-unused-vars
  632:1   warning  Mixed spaces and tabs                         no-mixed-spaces-and-tabs
  636:10  warning  'Refresh' is defined but never used           no-unused-vars
  647:2   warning  '$' is not defined                            no-undef
  648:2   warning  '$' is not defined                            no-undef
  649:2   warning  '$' is not defined                            no-undef
  650:2   warning  '$' is not defined                            no-undef
  651:2   warning  '$' is not defined                            no-undef
  654:6   warning  'Dtable' is already defined                   no-redeclare
  674:10  warning  'calculate' is defined but never used         no-unused-vars
  675:12  warning  '$' is not defined                            no-undef
  676:12  warning  '$' is not defined                            no-undef
  677:12  warning  'math' is not defined                         no-undef
  678:2   warning  '$' is not defined                            no-undef
  679:2   warning  '$' is not defined                            no-undef
  683:10  warning  'calculate2' is defined but never used        no-unused-vars
  684:12  warning  '$' is not defined                            no-undef
  685:12  warning  '$' is not defined                            no-undef
  686:13  warning  'math' is not defined                         no-undef
  686:25  warning  'math' is not defined                         no-undef
  687:2   warning  '$' is not defined                            no-undef

✖ 355 problems (0 errors, 355 warnings)
  0 errors and 1 warning potentially fixable with the `--fix` option.

